2025-07-01 21:03:53,253 DEBUG    root            Loaded Command Group: ['gcloud', 'components']
2025-07-01 21:03:53,255 DEBUG    root            Loaded Command Group: ['gcloud', 'components', 'update']
2025-07-01 21:03:53,257 DEBUG    root            Running [gcloud.components.update] with arguments: [--quiet: "True", COMPONENT-IDS:8: "['gcloud', 'core', 'bq', 'gsutil', 'compute', 'preview', 'alpha', 'beta']"]
2025-07-01 21:03:53,258 INFO     ___FILE_ONLY___ Beginning update. This process may take several minutes.

2025-07-01 21:03:53,268 DEBUG    urllib3.connectionpool Starting new HTTPS connection (1): dl.google.com:443
2025-07-01 21:03:53,281 DEBUG    urllib3.connectionpool https://dl.google.com:443 "GET /dl/cloudsdk/channels/rapid/components-2.json HTTP/11" 200 239798
2025-07-01 21:03:53,295 WARNING  root            Component [compute] no longer exists.
2025-07-01 21:03:53,296 INFO     ___FILE_ONLY___ 

2025-07-01 21:03:53,296 INFO     ___FILE_ONLY___ 
Your current Google Cloud CLI version is: 529.0.0

2025-07-01 21:03:53,296 INFO     ___FILE_ONLY___ Installing components from version: 529.0.0

2025-07-01 21:03:53,296 INFO     ___FILE_ONLY___ 

2025-07-01 21:03:53,296 DEBUG    root            Chosen display Format:table[box,title="These components will be removed."](details.display_name:label=Name:align=left,version.version_string:label=Version:align=right,data.size.size(zero="",min=1048576):label=Size:align=right)
2025-07-01 21:03:53,297 DEBUG    root            Chosen display Format:table[box,title="These components will be updated."](details.display_name:label=Name:align=left,version.version_string:label=Version:align=right,data.size.size(zero="",min=1048576):label=Size:align=right)
2025-07-01 21:03:53,297 DEBUG    root            Chosen display Format:table[box,title="These components will be installed."](details.display_name:label=Name:align=left,version.version_string:label=Version:align=right,data.size.size(zero="",min=1048576):label=Size:align=right)
2025-07-01 21:03:53,312 INFO     ___FILE_ONLY___ ┌────────────────────────────────────────────────┐
2025-07-01 21:03:53,312 INFO     ___FILE_ONLY___ 

2025-07-01 21:03:53,312 INFO     ___FILE_ONLY___ │      These components will be installed.       │
2025-07-01 21:03:53,312 INFO     ___FILE_ONLY___ 

2025-07-01 21:03:53,312 INFO     ___FILE_ONLY___ ├─────────────────────────┬────────────┬─────────┤
2025-07-01 21:03:53,312 INFO     ___FILE_ONLY___ 

2025-07-01 21:03:53,312 INFO     ___FILE_ONLY___ │           Name          │  Version   │   Size  │
2025-07-01 21:03:53,313 INFO     ___FILE_ONLY___ 

2025-07-01 21:03:53,313 INFO     ___FILE_ONLY___ ├─────────────────────────┼────────────┼─────────┤
2025-07-01 21:03:53,313 INFO     ___FILE_ONLY___ 

2025-07-01 21:03:53,313 INFO     ___FILE_ONLY___ │ 
2025-07-01 21:03:53,313 INFO     ___FILE_ONLY___ gcloud Alpha Commands  
2025-07-01 21:03:53,313 INFO     ___FILE_ONLY___  
2025-07-01 21:03:53,313 INFO     ___FILE_ONLY___ │ 
2025-07-01 21:03:53,313 INFO     ___FILE_ONLY___ 2025.06.27
2025-07-01 21:03:53,313 INFO     ___FILE_ONLY___  
2025-07-01 21:03:53,313 INFO     ___FILE_ONLY___ │ 
2025-07-01 21:03:53,313 INFO     ___FILE_ONLY___ < 1 MiB
2025-07-01 21:03:53,313 INFO     ___FILE_ONLY___  
2025-07-01 21:03:53,313 INFO     ___FILE_ONLY___ │
2025-07-01 21:03:53,313 INFO     ___FILE_ONLY___ 

2025-07-01 21:03:53,313 INFO     ___FILE_ONLY___ │ 
2025-07-01 21:03:53,313 INFO     ___FILE_ONLY___ gcloud Beta Commands   
2025-07-01 21:03:53,313 INFO     ___FILE_ONLY___  
2025-07-01 21:03:53,313 INFO     ___FILE_ONLY___ │ 
2025-07-01 21:03:53,313 INFO     ___FILE_ONLY___ 2025.06.27
2025-07-01 21:03:53,313 INFO     ___FILE_ONLY___  
2025-07-01 21:03:53,313 INFO     ___FILE_ONLY___ │ 
2025-07-01 21:03:53,314 INFO     ___FILE_ONLY___ < 1 MiB
2025-07-01 21:03:53,314 INFO     ___FILE_ONLY___  
2025-07-01 21:03:53,314 INFO     ___FILE_ONLY___ │
2025-07-01 21:03:53,314 INFO     ___FILE_ONLY___ 

2025-07-01 21:03:53,314 INFO     ___FILE_ONLY___ │ 
2025-07-01 21:03:53,314 INFO     ___FILE_ONLY___ gcloud Preview Commands
2025-07-01 21:03:53,314 INFO     ___FILE_ONLY___  
2025-07-01 21:03:53,314 INFO     ___FILE_ONLY___ │ 
2025-07-01 21:03:53,314 INFO     ___FILE_ONLY___           
2025-07-01 21:03:53,314 INFO     ___FILE_ONLY___  
2025-07-01 21:03:53,314 INFO     ___FILE_ONLY___ │ 
2025-07-01 21:03:53,314 INFO     ___FILE_ONLY___ < 1 MiB
2025-07-01 21:03:53,314 INFO     ___FILE_ONLY___  
2025-07-01 21:03:53,314 INFO     ___FILE_ONLY___ │
2025-07-01 21:03:53,314 INFO     ___FILE_ONLY___ 

2025-07-01 21:03:53,314 INFO     ___FILE_ONLY___ └─────────────────────────┴────────────┴─────────┘
2025-07-01 21:03:53,314 INFO     ___FILE_ONLY___ 

2025-07-01 21:03:53,314 INFO     ___FILE_ONLY___ 

2025-07-01 21:03:53,318 DEBUG    urllib3.connectionpool Starting new HTTPS connection (1): dl.google.com:443
2025-07-01 21:03:53,332 DEBUG    urllib3.connectionpool https://dl.google.com:443 "GET /dl/cloudsdk/channels/rapid/RELEASE_NOTES HTTP/11" 200 1444035
2025-07-01 21:03:53,802 INFO     ___FILE_ONLY___ For the latest full release notes, please visit:
  https://cloud.google.com/sdk/release_notes


2025-07-01 21:03:53,803 INFO     ___FILE_ONLY___ Performing in place update...


2025-07-01 21:03:53,805 INFO     ___FILE_ONLY___ ╔════════════════════════════════════════════════════════════╗

2025-07-01 21:03:53,805 INFO     ___FILE_ONLY___ ╠═ Downloading: gcloud Alpha Commands                       ═╣

2025-07-01 21:03:53,806 INFO     ___FILE_ONLY___ ╚
2025-07-01 21:03:53,809 DEBUG    urllib3.connectionpool Starting new HTTPS connection (1): dl.google.com:443
2025-07-01 21:03:53,916 DEBUG    urllib3.connectionpool https://dl.google.com:443 "GET /dl/cloudsdk/channels/rapid/components/google-cloud-sdk-alpha-20250627154417.tar.gz HTTP/11" 200 800
2025-07-01 21:03:53,917 INFO     ___FILE_ONLY___ ════════════════════════════════════════════════════════════
2025-07-01 21:03:53,917 INFO     ___FILE_ONLY___ ╝

2025-07-01 21:03:53,919 INFO     ___FILE_ONLY___ ╔════════════════════════════════════════════════════════════╗

2025-07-01 21:03:53,919 INFO     ___FILE_ONLY___ ╠═ Downloading: gcloud Beta Commands                        ═╣

2025-07-01 21:03:53,919 INFO     ___FILE_ONLY___ ╚
2025-07-01 21:03:53,923 DEBUG    urllib3.connectionpool Starting new HTTPS connection (1): dl.google.com:443
2025-07-01 21:03:53,974 DEBUG    urllib3.connectionpool https://dl.google.com:443 "GET /dl/cloudsdk/channels/rapid/components/google-cloud-sdk-beta-20250627154417.tar.gz HTTP/11" 200 797
2025-07-01 21:03:53,975 INFO     ___FILE_ONLY___ ════════════════════════════════════════════════════════════
2025-07-01 21:03:53,975 INFO     ___FILE_ONLY___ ╝

2025-07-01 21:03:53,977 INFO     ___FILE_ONLY___ ╔════════════════════════════════════════════════════════════╗

2025-07-01 21:03:53,977 INFO     ___FILE_ONLY___ ╠═ Downloading: gcloud Preview Commands                     ═╣

2025-07-01 21:03:53,977 INFO     ___FILE_ONLY___ ╚
2025-07-01 21:03:53,981 DEBUG    urllib3.connectionpool Starting new HTTPS connection (1): dl.google.com:443
2025-07-01 21:03:54,014 DEBUG    urllib3.connectionpool https://dl.google.com:443 "GET /dl/cloudsdk/channels/rapid/components/google-cloud-sdk-preview-20241115154308.tar.gz HTTP/11" 200 823
2025-07-01 21:03:54,015 INFO     ___FILE_ONLY___ ════════════════════════════════════════════════════════════
2025-07-01 21:03:54,015 INFO     ___FILE_ONLY___ ╝

2025-07-01 21:03:54,018 INFO     ___FILE_ONLY___ ╔════════════════════════════════════════════════════════════╗

2025-07-01 21:03:54,018 INFO     ___FILE_ONLY___ ╠═ Installing: gcloud Alpha Commands                        ═╣

2025-07-01 21:03:54,018 INFO     ___FILE_ONLY___ ╚
2025-07-01 21:03:54,019 INFO     ___FILE_ONLY___ ════════════════════════════════════════════════════════════
2025-07-01 21:03:54,019 INFO     ___FILE_ONLY___ ╝

2025-07-01 21:03:54,026 INFO     ___FILE_ONLY___ ╔════════════════════════════════════════════════════════════╗

2025-07-01 21:03:54,026 INFO     ___FILE_ONLY___ ╠═ Installing: gcloud Beta Commands                         ═╣

2025-07-01 21:03:54,026 INFO     ___FILE_ONLY___ ╚
2025-07-01 21:03:54,027 INFO     ___FILE_ONLY___ ════════════════════════════════════════════════════════════
2025-07-01 21:03:54,027 INFO     ___FILE_ONLY___ ╝

2025-07-01 21:03:54,033 INFO     ___FILE_ONLY___ ╔════════════════════════════════════════════════════════════╗

2025-07-01 21:03:54,034 INFO     ___FILE_ONLY___ ╠═ Installing: gcloud Preview Commands                      ═╣

2025-07-01 21:03:54,034 INFO     ___FILE_ONLY___ ╚
2025-07-01 21:03:54,034 INFO     ___FILE_ONLY___ ════════════════════════════════════════════════════════════
2025-07-01 21:03:54,035 INFO     ___FILE_ONLY___ ╝

2025-07-01 21:03:54,040 DEBUG    root            Updating notification cache...
2025-07-01 21:03:54,041 INFO     ___FILE_ONLY___ 

2025-07-01 21:03:54,043 INFO     ___FILE_ONLY___ Performing post processing steps...
2025-07-01 21:03:54,043 DEBUG    root            Executing command: ['/tools/google-cloud-sdk/bin/gcloud', 'components', 'post-process']
2025-07-01 21:04:05,574 DEBUG    ___FILE_ONLY___ 
2025-07-01 21:04:05,574 DEBUG    ___FILE_ONLY___ 
2025-07-01 21:04:05,812 INFO     root            descriptor_list: [{'universeDomain': 'googleapis.com', 'universeShortName': '', 'authenticationDomain': 'auth.cloud.google.com', 'projectPrefix': '', 'cloudWebDomain': 'cloud.google.com', 'documentationDomain': 'cloud.google.com', 'version': '1.0.0', 'state': 'primary', 'artifactRegistryDomain': 'pkg.dev'}]
2025-07-01 21:04:05,813 INFO     ___FILE_ONLY___ 
Update done!


2025-07-01 21:04:05,815 DEBUG    root            Chosen display Format:none
2025-07-01 21:04:05,815 INFO     root            Display format: "none"
